--------------------------------------------------------------------------------
Release 14.7 Trace  (nt64)
Copyright (c) 1995-2013 Xilinx, Inc.  All rights reserved.

C:\XilinxISE\14.7\ISE_DS\ISE\bin\nt64\unwrapped\trce.exe -intstyle ise -v 3 -s
1 -n 3 -fastpaths -xml Top.twx Top.ncd -o Top.twr Top.pcf -ucf k7.ucf

Design file:              Top.ncd
Physical constraint file: Top.pcf
Device,package,speed:     xc7k160t,ffg676,C,-1 (PRODUCTION 1.10 2013-10-13)
Report level:             verbose report

Environment Variable      Effect 
--------------------      ------ 
NONE                      No environment variables were set
--------------------------------------------------------------------------------

INFO:Timing:2698 - No timing constraints found, doing default enumeration.
INFO:Timing:3412 - To improve timing, see the Timing Closure User Guide (UG612).
INFO:Timing:2752 - To get complete path coverage, use the unconstrained paths 
   option. All paths that are not constrained will be reported in the 
   unconstrained paths section(s) of the report.
INFO:Timing:3339 - The clock-to-out numbers in this timing report are based on 
   a 50 Ohm transmission line loading model.  For the details of this model, 
   and for more information on accounting for different loading conditions, 
   please see the device datasheet.



Data Sheet report:
-----------------
All values displayed in nanoseconds (ns)

Clock clk to Pad
------------+-----------------+------------+-----------------+------------+------------------+--------+
            |Max (slowest) clk|  Process   |Min (fastest) clk|  Process   |                  | Clock  |
Destination |  (edge) to PAD  |   Corner   |  (edge) to PAD  |   Corner   |Internal Clock(s) | Phase  |
------------+-----------------+------------+-----------------+------------+------------------+--------+
AN<0>       |        12.422(R)|      SLOW  |         4.506(R)|      FAST  |clk_BUFGP         |   0.000|
AN<1>       |        12.253(R)|      SLOW  |         4.559(R)|      FAST  |clk_BUFGP         |   0.000|
AN<2>       |        12.249(R)|      SLOW  |         4.482(R)|      FAST  |clk_BUFGP         |   0.000|
AN<3>       |        12.148(R)|      SLOW  |         4.528(R)|      FAST  |clk_BUFGP         |   0.000|
SEGMENT<0>  |        14.289(R)|      SLOW  |         4.725(R)|      FAST  |clk_BUFGP         |   0.000|
SEGMENT<1>  |        14.139(R)|      SLOW  |         4.700(R)|      FAST  |clk_BUFGP         |   0.000|
SEGMENT<2>  |        13.964(R)|      SLOW  |         4.664(R)|      FAST  |clk_BUFGP         |   0.000|
SEGMENT<3>  |        14.094(R)|      SLOW  |         4.717(R)|      FAST  |clk_BUFGP         |   0.000|
SEGMENT<4>  |        13.049(R)|      SLOW  |         4.564(R)|      FAST  |clk_BUFGP         |   0.000|
SEGMENT<5>  |        13.683(R)|      SLOW  |         4.569(R)|      FAST  |clk_BUFGP         |   0.000|
SEGMENT<6>  |        13.279(R)|      SLOW  |         4.643(R)|      FAST  |clk_BUFGP         |   0.000|
SEGMENT<7>  |        11.685(R)|      SLOW  |         4.152(R)|      FAST  |clk_BUFGP         |   0.000|
SEG_PEN     |        10.653(R)|      SLOW  |         3.970(R)|      FAST  |clk_BUFGP         |   0.000|
seg_clk     |        10.254(R)|      SLOW  |         3.849(R)|      FAST  |clk_BUFGP         |   0.000|
seg_sout    |        10.087(R)|      SLOW  |         3.751(R)|      FAST  |clk_BUFGP         |   0.000|
------------+-----------------+------------+-----------------+------------+------------------+--------+

Clock to Setup on destination clock clk
---------------+---------+---------+---------+---------+
               | Src:Rise| Src:Fall| Src:Rise| Src:Fall|
Source Clock   |Dest:Rise|Dest:Rise|Dest:Fall|Dest:Fall|
---------------+---------+---------+---------+---------+
clk            |    2.656|         |         |         |
---------------+---------+---------+---------+---------+


Analysis completed Wed Nov 08 17:48:29 2023 
--------------------------------------------------------------------------------

Trace Settings:
-------------------------
Trace Settings 

Peak Memory Usage: 5100 MB



