Running: C:\Xilinx\14.7\ISE_DS\ISE\bin\nt\unwrapped\fuse.exe -intstyle ise -incremental -lib unisims_ver -lib unimacro_ver -lib xilinxcorelib_ver -lib secureip -o C:/Users/16579/Desktop/practice/myRevCounter/test_rever_isim_beh.exe -prj C:/Users/16579/Desktop/practice/myRevCounter/test_rever_beh.prj work.test_rever work.glbl 
ISim P.20131013 (signature 0x8ef4fb42)
Number of CPUs detected in this system: 4
Turning on mult-threading, number of parallel sub-compilation jobs: 8 
Determining compilation order of HDL files
Analyzing Verilog file "C:/Users/16579/Desktop/practice/myRevCounter/RevCounter.v" into library work
Analyzing Verilog file "C:/Users/16579/Desktop/practice/myRevCounter/test_rever.v" into library work
Analyzing Verilog file "C:/Xilinx/14.7/ISE_DS/ISE//verilog/src/glbl.v" into library work
Starting static elaboration
Completed static elaboration
Fuse Memory Usage: 159712 KB
Fuse CPU Usage: 718 ms
Compiling module RevCounter
Compiling module test_rever
Compiling module glbl
Time Resolution for simulation is 1ps.
Compiled 3 Verilog Units
Built simulation executable C:/Users/16579/Desktop/practice/myRevCounter/test_rever_isim_beh.exe
Fuse Memory Usage: 165188 KB
Fuse CPU Usage: 968 ms
