--------------------------------------------------------------------------------
Release 14.7 Trace  (nt64)
Copyright (c) 1995-2013 Xilinx, Inc.  All rights reserved.

C:\Xilinx\14.7\ISE_DS\ISE\bin\nt64\unwrapped\trce.exe -intstyle ise -v 3 -s 1
-n 3 -fastpaths -xml Top.twx Top.ncd -o Top.twr Top.pcf -ucf k7.ucf

Design file:              Top.ncd
Physical constraint file: Top.pcf
Device,package,speed:     xc7k160t,fbg676,C,-1 (PRODUCTION 1.10 2013-10-13)
Report level:             verbose report

Environment Variable      Effect 
--------------------      ------ 
NONE                      No environment variables were set
--------------------------------------------------------------------------------

INFO:Timing:2698 - No timing constraints found, doing default enumeration.
INFO:Timing:3412 - To improve timing, see the Timing Closure User Guide (UG612).
INFO:Timing:2752 - To get complete path coverage, use the unconstrained paths 
   option. All paths that are not constrained will be reported in the 
   unconstrained paths section(s) of the report.
INFO:Timing:3339 - The clock-to-out numbers in this timing report are based on 
   a 50 Ohm transmission line loading model.  For the details of this model, 
   and for more information on accounting for different loading conditions, 
   please see the device datasheet.



Data Sheet report:
-----------------
All values displayed in nanoseconds (ns)

Clock clk to Pad
------------+-----------------+------------+-----------------+------------+------------------+--------+
            |Max (slowest) clk|  Process   |Min (fastest) clk|  Process   |                  | Clock  |
Destination |  (edge) to PAD  |   Corner   |  (edge) to PAD  |   Corner   |Internal Clock(s) | Phase  |
------------+-----------------+------------+-----------------+------------+------------------+--------+
AN<0>       |        11.357(R)|      SLOW  |         4.073(R)|      FAST  |clk_BUFGP         |   0.000|
AN<1>       |        11.212(R)|      SLOW  |         4.054(R)|      FAST  |clk_BUFGP         |   0.000|
AN<2>       |        11.366(R)|      SLOW  |         4.060(R)|      FAST  |clk_BUFGP         |   0.000|
AN<3>       |        11.102(R)|      SLOW  |         3.969(R)|      FAST  |clk_BUFGP         |   0.000|
SEGMENT<0>  |        12.523(R)|      SLOW  |         4.183(R)|      FAST  |clk_BUFGP         |   0.000|
SEGMENT<1>  |        12.012(R)|      SLOW  |         4.147(R)|      FAST  |clk_BUFGP         |   0.000|
SEGMENT<2>  |        12.114(R)|      SLOW  |         4.178(R)|      FAST  |clk_BUFGP         |   0.000|
SEGMENT<3>  |        12.760(R)|      SLOW  |         3.992(R)|      FAST  |clk_BUFGP         |   0.000|
SEGMENT<4>  |        12.031(R)|      SLOW  |         4.047(R)|      FAST  |clk_BUFGP         |   0.000|
SEGMENT<5>  |        12.020(R)|      SLOW  |         4.077(R)|      FAST  |clk_BUFGP         |   0.000|
SEGMENT<6>  |        12.027(R)|      SLOW  |         4.280(R)|      FAST  |clk_BUFGP         |   0.000|
------------+-----------------+------------+-----------------+------------+------------------+--------+

Clock to Setup on destination clock clk
---------------+---------+---------+---------+---------+
               | Src:Rise| Src:Fall| Src:Rise| Src:Fall|
Source Clock   |Dest:Rise|Dest:Rise|Dest:Fall|Dest:Fall|
---------------+---------+---------+---------+---------+
clk            |    2.527|         |         |         |
---------------+---------+---------+---------+---------+


Analysis completed Wed Nov 22 10:05:51 2023 
--------------------------------------------------------------------------------

Trace Settings:
-------------------------
Trace Settings 

Peak Memory Usage: 5100 MB



