Running: C:\XilinxISE\14.7\ISE_DS\ISE\bin\nt64\unwrapped\fuse.exe -intstyle ise -incremental -lib unisims_ver -lib unimacro_ver -lib xilinxcorelib_ver -lib secureip -o F:/Lamp_2/LampCtrl_Draw_1_LampCtrl_Draw_1_sch_tb_isim_beh.exe -prj F:/Lamp_2/LampCtrl_Draw_1_LampCtrl_Draw_1_sch_tb_beh.prj work.LampCtrl_Draw_1_LampCtrl_Draw_1_sch_tb work.glbl 
ISim P.20131013 (signature 0x7708f090)
Number of CPUs detected in this system: 4
Turning on mult-threading, number of parallel sub-compilation jobs: 8 
Determining compilation order of HDL files
Analyzing Verilog file "F:/Lamp_2/LampCtrl_Draw_1.vf" into library work
Analyzing Verilog file "F:/Lamp_2/LampCtrl_Draw_1_sim.v" into library work
Analyzing Verilog file "C:/XilinxISE/14.7/ISE_DS/ISE//verilog/src/glbl.v" into library work
Starting static elaboration
WARNING:HDLCompiler:1016 - "F:/Lamp_2/LampCtrl_Draw_1_sim.v" Line 18: Port Buzzer is not connected to this instance
Completed static elaboration
Compiling module AND3
Compiling module INV
Compiling module OR4
Compiling module VCC
Compiling module LampCtrl_Draw_1
Compiling module LampCtrl_Draw_1_LampCtrl_Draw_1_...
Compiling module glbl
Time Resolution for simulation is 1ps.
Waiting for 1 sub-compilation(s) to finish...
Compiled 7 Verilog Units
Built simulation executable F:/Lamp_2/LampCtrl_Draw_1_LampCtrl_Draw_1_sch_tb_isim_beh.exe
Fuse Memory Usage: 28708 KB
Fuse CPU Usage: 500 ms
